#
# A fatal error has been detected by the Java Runtime Environment:
#
#  Internal Error (ci/ciEnv.hpp:172), pid=5728, tid=5800
#  Error: ShouldNotReachHere()
#
# JRE version: Java(TM) SE Runtime Environment (8.0_60-b27) (build 1.8.0_60-b27)
# Java VM: Java HotSpot(TM) 64-Bit Server VM (25.60-b23 mixed mode windows-amd64 compressed oops)
# Failed to write core dump. Minidumps are not enabled by default on client versions of Windows
#
# If you would like to submit a bug report, please visit:
#   http://bugreport.java.com/bugreport/crash.jsp
#

---------------  T H R E A D  ---------------

Current thread (0x0000000054e15800):  JavaThread "C1 CompilerThread1" daemon [_thread_in_vm, id=5800, stack(0x0000000055e60000,0x0000000055f60000)]

Stack: [0x0000000055e60000,0x0000000055f60000]
[error occurred during error reporting (printing stack bounds), id 0xc0000005]

Native frames: (J=compiled Java code, j=interpreted, Vv=VM code, C=native code)


Current CompileTask:
C1:   3124 1627       3       com.android.dx.dex.code.DalvCode::finishProcessingIfNecessary (69 bytes)


---------------  P R O C E S S  ---------------

Java Threads: ( => current thread )
  0x0000000054e19800 JavaThread "Service Thread" daemon [_thread_blocked, id=5804, stack(0x0000000056020000,0x0000000056120000)]
=>0x0000000054e15800 JavaThread "C1 CompilerThread1" daemon [_thread_in_vm, id=5800, stack(0x0000000055e60000,0x0000000055f60000)]
  0x0000000054e11800 JavaThread "C2 CompilerThread0" daemon [_thread_blocked, id=5796, stack(0x0000000055cf0000,0x0000000055df0000)]
  0x0000000054e21000 JavaThread "Attach Listener" daemon [_thread_blocked, id=5792, stack(0x0000000055af0000,0x0000000055bf0000)]
  0x0000000054e1f000 JavaThread "Signal Dispatcher" daemon [_thread_blocked, id=5788, stack(0x0000000055bf0000,0x0000000055cf0000)]
  0x0000000054db6000 JavaThread "Finalizer" daemon [_thread_blocked, id=5784, stack(0x0000000055830000,0x0000000055930000)]
  0x0000000054db3000 JavaThread "Reference Handler" daemon [_thread_blocked, id=5780, stack(0x00000000559d0000,0x0000000055ad0000)]
  0x00000000022be000 JavaThread "main" [_thread_in_Java, id=5764, stack(0x0000000002370000,0x0000000002470000)]

Other Threads:
  0x0000000054dad000 VMThread [stack: 0x0000000055700000,0x0000000055800000] [id=5776]
  0x0000000056135000 WatcherThread [stack: 0x0000000056660000,0x0000000056760000] [id=5808]

VM state:not at safepoint (normal execution)

VM Mutex/Monitor currently owned by a thread: None

Heap:
 PSYoungGen      total 35328K, used 17783K [0x00000000eab00000, 0x00000000ed000000, 0x0000000100000000)
  eden space 32768K, 46% used [0x00000000eab00000,0x00000000eb9ddf78,0x00000000ecb00000)
  from space 2560K, 100% used [0x00000000ecd80000,0x00000000ed000000,0x00000000ed000000)
  to   space 2560K, 0% used [0x00000000ecb00000,0x00000000ecb00000,0x00000000ecd80000)
 ParOldGen       total 44032K, used 3780K [0x00000000c0000000, 0x00000000c2b00000, 0x00000000eab00000)
  object space 44032K, 8% used [0x00000000c0000000,0x00000000c03b1000,0x00000000c2b00000)
 Metaspace       used 6238K, capacity 7280K, committed 7552K, reserved 1056768K
  class space    used 604K, capacity 616K, committed 640K, reserved 1048576K

Card table byte_map: [0x0000000011b00000,0x0000000011d10000] byte_map_base: 0x0000000011500000

Marking Bits: (ParMarkBitMap*) 0x000000006fc6a5b0
 Begin Bits: [0x0000000012280000, 0x0000000013280000)
 End Bits:   [0x0000000013280000, 0x0000000014280000)

Polling page: 0x0000000000140000

CodeCache: size=245760Kb used=6005Kb max_used=6016Kb free=239754Kb
 bounds [0x0000000002740000, 0x0000000002d30000, 0x0000000011740000]
 total_blobs=1902 nmethods=1640 adapters=176
 compilation: enabled

Compilation events (10 events):
Event: 3.107 Thread 0x0000000054e15800 nmethod 1617 0x0000000002d1cf10 code [0x0000000002d1d080, 0x0000000002d1d368]
Event: 3.107 Thread 0x0000000054e15800 1618       3       com.android.dx.dex.file.DebugInfoEncoder::emitPosition (214 bytes)
Event: 3.109 Thread 0x0000000054e15800 nmethod 1618 0x0000000002d1d410 code [0x0000000002d1d700, 0x0000000002d1eba8]
Event: 3.109 Thread 0x0000000054e15800 1627       3       com.android.dx.dex.code.DalvCode::finishProcessingIfNecessary (69 bytes)
Event: 3.112 Thread 0x0000000054e11800 1654       4       com.android.dx.util.ByteArrayAnnotatedOutput::annotates (13 bytes)
Event: 3.112 Thread 0x0000000054e11800 nmethod 1654 0x0000000002ce35d0 code [0x0000000002ce3700, 0x0000000002ce3778]
Event: 3.113 Thread 0x0000000054e11800 1656       4       com.android.dx.dex.file.IndexedItem::getIndex (22 bytes)
Event: 3.114 Thread 0x0000000054e11800 nmethod 1656 0x0000000002cd65d0 code [0x0000000002cd6700, 0x0000000002cd6778]
Event: 3.114 Thread 0x0000000054e11800 1657       4       com.android.dx.dex.file.Section::throwIfNotPrepared (18 bytes)
Event: 3.114 Thread 0x0000000054e11800 nmethod 1657 0x0000000002d22490 code [0x0000000002d225c0, 0x0000000002d22638]

GC Heap History (4 events):
Event: 0.983 GC heap before
{Heap before GC invocations=1 (full 0):
 PSYoungGen      total 18944K, used 16384K [0x00000000eab00000, 0x00000000ec000000, 0x0000000100000000)
  eden space 16384K, 100% used [0x00000000eab00000,0x00000000ebb00000,0x00000000ebb00000)
  from space 2560K, 0% used [0x00000000ebd80000,0x00000000ebd80000,0x00000000ec000000)
  to   space 2560K, 0% used [0x00000000ebb00000,0x00000000ebb00000,0x00000000ebd80000)
 ParOldGen       total 44032K, used 0K [0x00000000c0000000, 0x00000000c2b00000, 0x00000000eab00000)
  object space 44032K, 0% used [0x00000000c0000000,0x00000000c0000000,0x00000000c2b00000)
 Metaspace       used 5614K, capacity 6768K, committed 7040K, reserved 1056768K
  class space    used 579K, capacity 616K, committed 640K, reserved 1048576K
Event: 1.000 GC heap after
Heap after GC invocations=1 (full 0):
 PSYoungGen      total 18944K, used 2530K [0x00000000eab00000, 0x00000000ed000000, 0x0000000100000000)
  eden space 16384K, 0% used [0x00000000eab00000,0x00000000eab00000,0x00000000ebb00000)
  from space 2560K, 98% used [0x00000000ebb00000,0x00000000ebd78bd8,0x00000000ebd80000)
  to   space 2560K, 0% used [0x00000000ecd80000,0x00000000ecd80000,0x00000000ed000000)
 ParOldGen       total 44032K, used 1915K [0x00000000c0000000, 0x00000000c2b00000, 0x00000000eab00000)
  object space 44032K, 4% used [0x00000000c0000000,0x00000000c01deff8,0x00000000c2b00000)
 Metaspace       used 5614K, capacity 6768K, committed 7040K, reserved 1056768K
  class space    used 579K, capacity 616K, committed 640K, reserved 1048576K
}
Event: 1.397 GC heap before
{Heap before GC invocations=2 (full 0):
 PSYoungGen      total 18944K, used 18914K [0x00000000eab00000, 0x00000000ed000000, 0x0000000100000000)
  eden space 16384K, 100% used [0x00000000eab00000,0x00000000ebb00000,0x00000000ebb00000)
  from space 2560K, 98% used [0x00000000ebb00000,0x00000000ebd78bd8,0x00000000ebd80000)
  to   space 2560K, 0% used [0x00000000ecd80000,0x00000000ecd80000,0x00000000ed000000)
 ParOldGen       total 44032K, used 1915K [0x00000000c0000000, 0x00000000c2b00000, 0x00000000eab00000)
  object space 44032K, 4% used [0x00000000c0000000,0x00000000c01deff8,0x00000000c2b00000)
 Metaspace       used 5835K, capacity 6960K, committed 7040K, reserved 1056768K
  class space    used 581K, capacity 616K, committed 640K, reserved 1048576K
Event: 1.426 GC heap after
Heap after GC invocations=2 (full 0):
 PSYoungGen      total 35328K, used 2560K [0x00000000eab00000, 0x00000000ed000000, 0x0000000100000000)
  eden space 32768K, 0% used [0x00000000eab00000,0x00000000eab00000,0x00000000ecb00000)
  from space 2560K, 100% used [0x00000000ecd80000,0x00000000ed000000,0x00000000ed000000)
  to   space 2560K, 0% used [0x00000000ecb00000,0x00000000ecb00000,0x00000000ecd80000)
 ParOldGen       total 44032K, used 3780K [0x00000000c0000000, 0x00000000c2b00000, 0x00000000eab00000)
  object space 44032K, 8% used [0x00000000c0000000,0x00000000c03b1000,0x00000000c2b00000)
 Metaspace       used 5835K, capacity 6960K, committed 7040K, reserved 1056768K
  class space    used 581K, capacity 616K, committed 640K, reserved 1048576K
}

Deoptimization events (10 events):
Event: 2.870 Thread 0x00000000022be000 Uncommon trap: reason=bimorphic action=maybe_recompile pc=0x0000000002c93878 method=java.util.HashMap.putVal(ILjava/lang/Object;Ljava/lang/Object;ZZ)Ljava/lang/Object; @ 203
Event: 2.870 Thread 0x00000000022be000 Uncommon trap: reason=bimorphic action=maybe_recompile pc=0x0000000002c93878 method=java.util.HashMap.putVal(ILjava/lang/Object;Ljava/lang/Object;ZZ)Ljava/lang/Object; @ 203
Event: 2.873 Thread 0x00000000022be000 Uncommon trap: reason=bimorphic action=maybe_recompile pc=0x0000000002c93878 method=java.util.HashMap.putVal(ILjava/lang/Object;Ljava/lang/Object;ZZ)Ljava/lang/Object; @ 203
Event: 2.937 Thread 0x00000000022be000 Uncommon trap: reason=class_check action=maybe_recompile pc=0x0000000002bd9c9c method=java.util.Arrays.equals([Ljava/lang/Object;[Ljava/lang/Object;)Z @ 62
Event: 2.937 Thread 0x00000000022be000 Uncommon trap: reason=class_check action=maybe_recompile pc=0x0000000002bd9c9c method=java.util.Arrays.equals([Ljava/lang/Object;[Ljava/lang/Object;)Z @ 62
Event: 2.937 Thread 0x00000000022be000 Uncommon trap: reason=class_check action=maybe_recompile pc=0x0000000002bd9c9c method=java.util.Arrays.equals([Ljava/lang/Object;[Ljava/lang/Object;)Z @ 62
Event: 2.937 Thread 0x00000000022be000 Uncommon trap: reason=unstable_if action=reinterpret pc=0x0000000002bd9cd0 method=java.util.Arrays.equals([Ljava/lang/Object;[Ljava/lang/Object;)Z @ 23
Event: 2.941 Thread 0x00000000022be000 Uncommon trap: reason=unstable_if action=reinterpret pc=0x0000000002c0eaf8 method=java.util.TreeMap.put(Ljava/lang/Object;Ljava/lang/Object;)Ljava/lang/Object; @ 163
Event: 3.040 Thread 0x00000000022be000 Uncommon trap: reason=unstable_if action=reinterpret pc=0x0000000002cedb78 method=com.android.dx.dex.code.LocalList$MakeState.filterSpec(Lcom/android/dx/rop/code/RegisterSpec;)Lcom/android/dx/rop/code/RegisterSpec; @ 11
Event: 3.110 Thread 0x00000000022be000 Uncommon trap: reason=unstable_if action=reinterpret pc=0x0000000002d0fb74 method=com.android.dx.util.ByteArrayAnnotatedOutput.writeByte(I)V @ 13

Internal exceptions (3 events):
Event: 0.053 Thread 0x00000000022be000 Exception <a 'java/lang/NoSuchMethodError': Method sun.misc.Unsafe.defineClass(Ljava/lang/String;[BII)Ljava/lang/Class; name or signature does not match> (0x00000000eab0d670) thrown at [C:\re\workspace\8-2-build-windows-amd64-cygwin\jdk8u60\4407\hotspot\srát[Šô4«?
Event: 0.053 Thread 0x00000000022be000 Exception <a 'java/lang/NoSuchMethodError': Method sun.misc.Unsafe.prefetchRead(Ljava/lang/Object;J)V name or signature does not match> (0x00000000eab0d958) thrown at [C:\re\workspace\8-2-build-windows-amd64-cygwin\jdk8u60\4407\hotspot\src\share\vm\prims\jÂD(Ñ}÷?
Event: 1.468 Thread 0x0000000056334800 Implicit null exception at 0x0000000002b1b617 to 0x0000000002b1cff5

Events (10 events):
Event: 3.082 loading class com/android/dex/EncodedValueCodec done
Event: 3.093 loading class com/android/dx/dex/file/MapItem
Event: 3.093 loading class com/android/dx/dex/file/MapItem done
Event: 3.094 loading class com/android/dx/dex/file/UniformListItem
Event: 3.094 loading class com/android/dx/dex/file/UniformListItem done
Event: 3.109 loading class com/android/dex/DexFormat
Event: 3.109 loading class com/android/dex/DexFormat done
Event: 3.110 Thread 0x00000000022be000 Uncommon trap: trap_request=0xffffff65 fr.pc=0x0000000002d0fb74
Event: 3.110 Thread 0x00000000022be000 DEOPT PACKING pc=0x0000000002d0fb74 sp=0x000000000246ecc0
Event: 3.110 Thread 0x00000000022be000 DEOPT UNPACKING pc=0x000000000278582a sp=0x000000000246ec78 mode 2


Dynamic libraries:
0x000000013f840000 - 0x000000013f877000 	C:\Program Files\Java\jdk1.8.0_60\bin\java.exe
0x0000000077840000 - 0x00000000779e9000 	C:\Windows\SYSTEM32\ntdll.dll
0x0000000077720000 - 0x0000000077840000 	C:\Windows\system32\kernel32.dll
0x000007fefd930000 - 0x000007fefd99c000 	C:\Windows\system32\KERNELBASE.dll
0x000007fefec60000 - 0x000007fefed3b000 	C:\Windows\system32\ADVAPI32.dll
0x000007feff370000 - 0x000007feff40f000 	C:\Windows\system32\msvcrt.dll
0x000007feff5c0000 - 0x000007feff5df000 	C:\Windows\SYSTEM32\sechost.dll
0x000007feff9a0000 - 0x000007feffacd000 	C:\Windows\system32\RPCRT4.dll
0x0000000077620000 - 0x000000007771a000 	C:\Windows\system32\USER32.dll
0x000007fefdb80000 - 0x000007fefdbe7000 	C:\Windows\system32\GDI32.dll
0x000007fefe980000 - 0x000007fefe98e000 	C:\Windows\system32\LPK.dll
0x000007feff090000 - 0x000007feff15a000 	C:\Windows\system32\USP10.dll
0x000007fefbfc0000 - 0x000007fefc1b4000 	C:\Windows\WinSxS\amd64_microsoft.windows.common-controls_6595b64144ccf1df_6.0.7601.18837_none_fa3b1e3d17594757\COMCTL32.dll
0x000007fefed50000 - 0x000007fefedc1000 	C:\Windows\system32\SHLWAPI.dll
0x000007feff410000 - 0x000007feff43e000 	C:\Windows\system32\IMM32.DLL
0x000007feff260000 - 0x000007feff369000 	C:\Windows\system32\MSCTF.dll
0x000000006b210000 - 0x000000006b2e2000 	C:\Program Files\Java\jdk1.8.0_60\jre\bin\msvcr100.dll
0x000000006f460000 - 0x000000006fce9000 	C:\Program Files\Java\jdk1.8.0_60\jre\bin\server\jvm.dll
0x000007fef3b70000 - 0x000007fef3b79000 	C:\Windows\system32\WSOCK32.dll
0x000007feff040000 - 0x000007feff08d000 	C:\Windows\system32\WS2_32.dll
0x000007fefed40000 - 0x000007fefed48000 	C:\Windows\system32\NSI.dll
0x000007fefb2d0000 - 0x000007fefb30b000 	C:\Windows\system32\WINMM.dll
0x000007fefc6b0000 - 0x000007fefc6bc000 	C:\Windows\system32\VERSION.dll
0x0000000077a00000 - 0x0000000077a07000 	C:\Windows\system32\PSAPI.DLL
0x0000000074420000 - 0x000000007442f000 	C:\Program Files\Java\jdk1.8.0_60\jre\bin\verify.dll
0x0000000073900000 - 0x0000000073929000 	C:\Program Files\Java\jdk1.8.0_60\jre\bin\java.dll
0x0000000074400000 - 0x0000000074416000 	C:\Program Files\Java\jdk1.8.0_60\jre\bin\zip.dll
0x000007fefdbf0000 - 0x000007fefe979000 	C:\Windows\system32\SHELL32.dll
0x000007feff770000 - 0x000007feff973000 	C:\Windows\system32\ole32.dll
0x000007fefd5e0000 - 0x000007fefd5ef000 	C:\Windows\system32\profapi.dll

VM Arguments:
jvm_args: -Djava.awt.headless=true -Xmx1024M -Dfile.encoding=windows-1252 -Duser.country=US -Duser.language=en -Duser.variant 
java_command: com.android.dx.command.Main --dex --num-threads=4 --output C:\Users\Barco\AndroidStudioProjects\MyApplication\app\build\intermediates\pre-dexed\debug\debug_55557597125f9648f96602cfd901cedd7993c983.jar C:\Users\Barco\AndroidStudioProjects\MyApplication\app\build\intermediates\classes\debug
java_class_path (initial): C:\Users\Barco\AppData\Local\Android\sdk\build-tools\23.0.2\lib\dx.jar
Launcher Type: SUN_STANDARD

Environment Variables:
JAVA_HOME=C:\Program Files\Java\jdk1.8.0_60
PATH=C:\Program Files (x86)\NVIDIA Corporation\PhysX\Common;C:\ProgramData\Oracle\Java\javapath;C:\Windows\system32;C:\Windows;C:\Windows\System32\Wbem;C:\Windows\System32\WindowsPowerShell\v1.0\;C:\Program Files\apache-maven-3.3.3\bin;C:\Program Files\Java\jdk1.8.0_60\bin;C:\Windows\Microsoft.NET\Framework\v4.0.30319;C:\Program Files\Microsoft SQL Server\110\Tools\Binn\;C:\Program Files\Microsoft SQL Server\120\Tools\Binn\;C:\Windows\system32\config\systemprofile\.dnx\bin;C:\Program Files\Microsoft DNX\Dnvm\;C:\Program Files (x86)\Skype\Phone\
USERNAME=Barco
OS=Windows_NT
PROCESSOR_IDENTIFIER=AMD64 Family 16 Model 2 Stepping 3, AuthenticAMD



---------------  S Y S T E M  ---------------

OS: Windows 7 , 64 bit Build 7601 (6.1.7601.19045)

CPU:total 2 (2 cores per cpu, 1 threads per core) family 16 model 2 stepping 3, cmov, cx8, fxsr, mmx, sse, sse2, sse3, popcnt, mmxext, 3dnowpref, lzcnt, sse4a, tsc, tscinvbit, tscinv

Memory: 4k page, physical 4193576k(819132k free), swap 8385316k(4032848k free)

vm_info: Java HotSpot(TM) 64-Bit Server VM (25.60-b23) for windows-amd64 JRE (1.8.0_60-b27), built on Aug  4 2015 11:06:27 by "java_re" with MS VC++ 10.0 (VS2010)

time: Sat Feb 13 02:32:05 2016
elapsed time: 3 seconds (0d 0h 0m 3s)

